<?xml version="1.0" encoding="UTF-8"?>
<!-- Generated by org.testng.reporters.JUnitXMLReporter -->
<testsuite ignored="0" hostname="WIN10I-1IJ8NK9M" failures="0" tests="3" name="Default test" time="17.31" errors="0" timestamp="2022-09-16T06:52:10 IST">
  <testcase classname="com.selenium.tests.TC_002_SearchUsers" name="login" time="8.672"/>
  <testcase classname="com.selenium.tests.TC_002_SearchUsers" name="checkUsersLists" time="1.656"/>
  <testcase classname="com.selenium.tests.TC_002_SearchUsers" name="logout" time="1.012"/>
</testsuite> <!-- Default test -->
