<?xml version="1.0" encoding="UTF-8"?>
<testsuite xmlns:xsi="http://www.w3.org/2001/XMLSchema-instance" xsi:noNamespaceSchemaLocation="https://maven.apache.org/surefire/maven-surefire-plugin/xsd/surefire-test-report-3.0.xsd" version="3.0" name="TestSuite" time="134.584" tests="12" errors="0" skipped="0" failures="2">
  <properties>
[...]
</properties>
  <testcase name="m_login" classname="com.selenium.tests.TC_001_SearchEmployees" time="9.587">
    <system-out><![CDATA[[INFO ] 2022-09-27 15:27:42.243 [main] ReadConfig - Reading the property file
[INFO ] 2022-09-27 15:27:42.362 [main] ReadConfig - Reading the property file
[INFO ] 2022-09-27 15:27:42.439 [main] ReadConfig - Reading the property file
[INFO ] 2022-09-27 15:27:42.454 [main] ReadConfig - Reading the property file
[DEBUG] 2022-09-27 15:27:43.734 [main] InternalLoggerFactory - Using Log4J2 as the default logging framework
[DEBUG] 2022-09-27 15:27:43.742 [main] ResourceLeakDetector - -Dio.netty.leakDetection.level: simple
[DEBUG] 2022-09-27 15:27:43.742 [main] ResourceLeakDetector - -Dio.netty.leakDetection.targetRecords: 4
[DEBUG] 2022-09-27 15:27:43.751 [main] ResourceLeakDetectorFactory - Loaded default ResourceLeakDetector: io.netty.util.ResourceLeakDetector@4e17913b
[DEBUG] 2022-09-27 15:27:43.783 [main] PlatformDependent0 - -Dio.netty.noUnsafe: false
[DEBUG] 2022-09-27 15:27:43.783 [main] PlatformDependent0 - Java version: 11
[DEBUG] 2022-09-27 15:27:43.785 [main] PlatformDependent0 - sun.misc.Unsafe.theUnsafe: available
[DEBUG] 2022-09-27 15:27:43.786 [main] PlatformDependent0 - sun.misc.Unsafe.copyMemory: available
[DEBUG] 2022-09-27 15:27:43.787 [main] PlatformDependent0 - sun.misc.Unsafe.storeFence: available
[DEBUG] 2022-09-27 15:27:43.788 [main] PlatformDependent0 - java.nio.Buffer.address: available
[DEBUG] 2022-09-27 15:27:43.789 [main] PlatformDependent0 - direct buffer constructor: unavailable: Reflective setAccessible(true) disabled
[DEBUG] 2022-09-27 15:27:43.790 [main] PlatformDependent0 - java.nio.Bits.unaligned: available, true
[DEBUG] 2022-09-27 15:27:43.792 [main] PlatformDependent0 - jdk.internal.misc.Unsafe.allocateUninitializedArray(int): unavailable: class io.netty.util.internal.PlatformDependent0$7 cannot access class jdk.internal.misc.Unsafe (in module java.base) because module java.base does not export jdk.internal.misc to unnamed module @5fcfca62
[DEBUG] 2022-09-27 15:27:43.794 [main] PlatformDependent0 - java.nio.DirectByteBuffer.<init>(long, int): unavailable
[DEBUG] 2022-09-27 15:27:43.794 [main] PlatformDependent - sun.misc.Unsafe: available
[DEBUG] 2022-09-27 15:27:43.795 [main] PlatformDependent - maxDirectMemory: 4240441344 bytes (maybe)
[DEBUG] 2022-09-27 15:27:43.796 [main] PlatformDependent - -Dio.netty.tmpdir: C:\Users\SSEENI~1\AppData\Local\Temp (java.io.tmpdir)
[DEBUG] 2022-09-27 15:27:43.796 [main] PlatformDependent - -Dio.netty.bitMode: 64 (sun.arch.data.model)
[DEBUG] 2022-09-27 15:27:43.796 [main] PlatformDependent - Platform: Windows
[DEBUG] 2022-09-27 15:27:43.797 [main] PlatformDependent - -Dio.netty.maxDirectMemory: -1 bytes
[DEBUG] 2022-09-27 15:27:43.798 [main] PlatformDependent - -Dio.netty.uninitializedArrayAllocationThreshold: -1
[DEBUG] 2022-09-27 15:27:43.799 [main] CleanerJava9 - java.nio.ByteBuffer.cleaner(): available
[DEBUG] 2022-09-27 15:27:43.800 [main] PlatformDependent - -Dio.netty.noPreferDirect: false
[DEBUG] 2022-09-27 15:27:43.813 [main] PlatformDependent - org.jctools-core.MpscChunkedArrayQueue: available
[DEBUG] 2022-09-27 15:27:43.846 [main] InternalThreadLocalMap - -Dio.netty.threadLocalMap.stringBuilder.initialSize: 1024
[DEBUG] 2022-09-27 15:27:43.847 [main] InternalThreadLocalMap - -Dio.netty.threadLocalMap.stringBuilder.maxSize: 4096
[DEBUG] 2022-09-27 15:27:43.898 [main] JdkSslContext - Default protocols (JDK): [TLSv1.3, TLSv1.2, TLSv1.1, TLSv1] 
[DEBUG] 2022-09-27 15:27:43.898 [main] JdkSslContext - Default cipher suites (JDK): [TLS_ECDHE_ECDSA_WITH_AES_256_GCM_SHA384, TLS_ECDHE_ECDSA_WITH_AES_128_GCM_SHA256, TLS_ECDHE_RSA_WITH_AES_128_GCM_SHA256, TLS_ECDHE_RSA_WITH_AES_256_GCM_SHA384, TLS_ECDHE_RSA_WITH_AES_128_CBC_SHA, TLS_ECDHE_RSA_WITH_AES_256_CBC_SHA, TLS_RSA_WITH_AES_128_GCM_SHA256, TLS_RSA_WITH_AES_128_CBC_SHA, TLS_RSA_WITH_AES_256_CBC_SHA, TLS_AES_128_GCM_SHA256, TLS_AES_256_GCM_SHA384]
[DEBUG] 2022-09-27 15:27:43.955 [main] MultithreadEventLoopGroup - -Dio.netty.eventLoopThreads: 16
[DEBUG] 2022-09-27 15:27:43.978 [main] NioEventLoop - -Dio.netty.noKeySetOptimization: false
[DEBUG] 2022-09-27 15:27:43.978 [main] NioEventLoop - -Dio.netty.selectorAutoRebuildThreshold: 512
[DEBUG] 2022-09-27 15:27:44.064 [main] PooledByteBufAllocator - -Dio.netty.allocator.numHeapArenas: 16
[DEBUG] 2022-09-27 15:27:44.065 [main] PooledByteBufAllocator - -Dio.netty.allocator.numDirectArenas: 16
[DEBUG] 2022-09-27 15:27:44.065 [main] PooledByteBufAllocator - -Dio.netty.allocator.pageSize: 8192
[DEBUG] 2022-09-27 15:27:44.065 [main] PooledByteBufAllocator - -Dio.netty.allocator.maxOrder: 9
[DEBUG] 2022-09-27 15:27:44.065 [main] PooledByteBufAllocator - -Dio.netty.allocator.chunkSize: 4194304
[DEBUG] 2022-09-27 15:27:44.065 [main] PooledByteBufAllocator - -Dio.netty.allocator.smallCacheSize: 256
[DEBUG] 2022-09-27 15:27:44.065 [main] PooledByteBufAllocator - -Dio.netty.allocator.normalCacheSize: 64
[DEBUG] 2022-09-27 15:27:44.066 [main] PooledByteBufAllocator - -Dio.netty.allocator.maxCachedBufferCapacity: 32768
[DEBUG] 2022-09-27 15:27:44.066 [main] PooledByteBufAllocator - -Dio.netty.allocator.cacheTrimInterval: 8192
[DEBUG] 2022-09-27 15:27:44.066 [main] PooledByteBufAllocator - -Dio.netty.allocator.cacheTrimIntervalMillis: 0
[DEBUG] 2022-09-27 15:27:44.066 [main] PooledByteBufAllocator - -Dio.netty.allocator.useCacheForAllThreads: false
[DEBUG] 2022-09-27 15:27:44.066 [main] PooledByteBufAllocator - -Dio.netty.allocator.maxCachedByteBuffersPerChunk: 1023
[DEBUG] 2022-09-27 15:27:44.089 [main] ByteBufUtil - -Dio.netty.allocator.type: pooled
[DEBUG] 2022-09-27 15:27:44.090 [main] ByteBufUtil - -Dio.netty.threadLocalDirectBufferSize: 0
[DEBUG] 2022-09-27 15:27:44.090 [main] ByteBufUtil - -Dio.netty.maxThreadLocalCharBufferSize: 16384
[DEBUG] 2022-09-27 15:27:45.014 [Forwarding newSession on session null to remote] DefaultChannelId - -Dio.netty.processId: 15884 (auto-detected)
[DEBUG] 2022-09-27 15:27:45.017 [Forwarding newSession on session null to remote] NetUtil - -Djava.net.preferIPv4Stack: false
[DEBUG] 2022-09-27 15:27:45.017 [Forwarding newSession on session null to remote] NetUtil - -Djava.net.preferIPv6Addresses: false
[DEBUG] 2022-09-27 15:27:45.666 [Forwarding newSession on session null to remote] NetUtilInitializations - Loopback interface: lo (Software Loopback Interface 1, 127.0.0.1)
[DEBUG] 2022-09-27 15:27:45.668 [Forwarding newSession on session null to remote] NetUtil - Failed to get SOMAXCONN from sysctl and file \proc\sys\net\core\somaxconn. Default: 200
[DEBUG] 2022-09-27 15:27:46.366 [Forwarding newSession on session null to remote] DefaultChannelId - -Dio.netty.machineId: c0:3c:59:ff:fe:c3:e1:69 (auto-detected)
[DEBUG] 2022-09-27 15:27:46.445 [AsyncHttpClient-1-2] AbstractByteBuf - -Dio.netty.buffer.checkAccessible: true
[DEBUG] 2022-09-27 15:27:46.446 [AsyncHttpClient-1-2] AbstractByteBuf - -Dio.netty.buffer.checkBounds: true
[DEBUG] 2022-09-27 15:27:46.446 [AsyncHttpClient-1-2] ResourceLeakDetectorFactory - Loaded default ResourceLeakDetector: io.netty.util.ResourceLeakDetector@189e7114
[DEBUG] 2022-09-27 15:27:46.481 [AsyncHttpClient-1-2] Recycler - -Dio.netty.recycler.maxCapacityPerThread: 4096
[DEBUG] 2022-09-27 15:27:46.481 [AsyncHttpClient-1-2] Recycler - -Dio.netty.recycler.ratio: 8
[DEBUG] 2022-09-27 15:27:46.482 [AsyncHttpClient-1-2] Recycler - -Dio.netty.recycler.chunkSize: 32
[DEBUG] 2022-09-27 15:27:46.482 [AsyncHttpClient-1-2] Recycler - -Dio.netty.recycler.blocking: false
[DEBUG] 2022-09-27 15:27:47.889 [AsyncHttpClient-1-2] Brotli - brotli4j not in the classpath; Brotli support will be unavailable.
[DEBUG] 2022-09-27 15:27:48.182 [main] ThreadLocalRandom - -Dio.netty.initialSeedUniquifier: 0x84f135b3108d4113
[INFO ] 2022-09-27 15:27:48.469 [main] BaseClass - launching browser
[INFO ] 2022-09-27 15:27:48.555 [main] ReadConfig - Reading the property file
[INFO ] 2022-09-27 15:27:53.083 [main] BasePage - **Launching application
[INFO ] 2022-09-27 15:27:53.083 [main] LoginPage - **entering the username
[INFO ] 2022-09-27 15:27:53.918 [main] LoginPage - **entering the password
]]></system-out>
    <system-err><![CDATA[SLF4J: Failed to load class "org.slf4j.impl.StaticLoggerBinder".
SLF4J: Defaulting to no-operation (NOP) logger implementation
SLF4J: See http://www.slf4j.org/codes.html#StaticLoggerBinder for further details.
Starting ChromeDriver 105.0.5195.52 (412c95e518836d8a7d97250d62b29c2ae6a26a85-refs/branch-heads/5195@{#853}) on port 50047
Only local connections are allowed.
Please see https://chromedriver.chromium.org/security-considerations for suggestions on keeping ChromeDriver safe.
ChromeDriver was started successfully.
Sep 27, 2022 3:27:48 PM org.openqa.selenium.remote.ProtocolHandshake createSession
INFO: Detected upstream dialect: W3C
Sep 27, 2022 3:27:48 PM org.openqa.selenium.devtools.CdpVersionFinder findNearestMatch
WARNING: Unable to find an exact match for CDP version 105, so returning the closest version found: 104
Sep 27, 2022 3:27:48 PM org.openqa.selenium.devtools.CdpVersionFinder findNearestMatch
INFO: Found CDP implementation for version 105 of 104
]]></system-err>
  </testcase>
  <testcase name="m_login" classname="com.selenium.tests.TC_001_SearchEmployees" time="10.076">
    <system-out><![CDATA[Screenshot saved successfully
[INFO ] 2022-09-27 15:28:22.396 [main] BaseClass - closing browser
[INFO ] 2022-09-27 15:28:31.977 [main] BaseClass - launching browser
[INFO ] 2022-09-27 15:28:31.989 [main] ReadConfig - Reading the property file
[INFO ] 2022-09-27 15:28:36.553 [main] BasePage - **Launching application
[INFO ] 2022-09-27 15:28:36.553 [main] LoginPage - **entering the username
[INFO ] 2022-09-27 15:28:37.581 [main] LoginPage - **entering the password
]]></system-out>
    <system-err><![CDATA[Starting Microsoft Edge WebDriver 105.0.1343.53 (3a47f00402d579c8ba1fad7e143f9d73831b6765) on port 56784
To submit feedback, report a bug, or suggest new features, please visit https://github.com/MicrosoftEdge/EdgeWebDriver

Only local connections are allowed.
Please see https://aka.ms/WebDriverSecurity for suggestions on keeping Microsoft Edge WebDriver safe.

Microsoft Edge WebDriver was started successfully.
Sep 27, 2022 3:28:31 PM org.openqa.selenium.remote.ProtocolHandshake createSession
INFO: Detected upstream dialect: W3C
Sep 27, 2022 3:28:31 PM org.openqa.selenium.devtools.CdpVersionFinder findNearestMatch
WARNING: Unable to find an exact match for CDP version 105, so returning the closest version found: 104
Sep 27, 2022 3:28:31 PM org.openqa.selenium.devtools.CdpVersionFinder findNearestMatch
INFO: Found CDP implementation for version 105 of 104
]]></system-err>
  </testcase>
  <testcase name="m_checkEmployeeLists" classname="com.selenium.tests.TC_001_SearchEmployees" time="3.652"/>
  <testcase name="m_checkEmployeeLists" classname="com.selenium.tests.TC_001_SearchEmployees" time="3.755"/>
  <testcase name="m_logout" classname="com.selenium.tests.TC_001_SearchEmployees" time="1.614"/>
  <testcase name="m_logout" classname="com.selenium.tests.TC_001_SearchEmployees" time="1.135"/>
  <testcase name="m_login" classname="com.selenium.tests.TC_002_SearchUsers" time="11.199">
    <system-out><![CDATA[[INFO ] 2022-09-27 15:28:03.612 [main] BaseClass - closing browser
[INFO ] 2022-09-27 15:28:06.090 [main] BaseClass - launching browser
[INFO ] 2022-09-27 15:28:06.100 [main] ReadConfig - Reading the property file
[INFO ] 2022-09-27 15:28:10.229 [main] BasePage - **Launching application
[INFO ] 2022-09-27 15:28:10.229 [main] LoginPage - **entering the username
[INFO ] 2022-09-27 15:28:11.120 [main] LoginPage - **entering the password
]]></system-out>
    <system-err><![CDATA[Starting ChromeDriver 105.0.5195.52 (412c95e518836d8a7d97250d62b29c2ae6a26a85-refs/branch-heads/5195@{#853}) on port 51026
Only local connections are allowed.
Please see https://chromedriver.chromium.org/security-considerations for suggestions on keeping ChromeDriver safe.
ChromeDriver was started successfully.
Sep 27, 2022 3:28:05 PM org.openqa.selenium.remote.ProtocolHandshake createSession
INFO: Detected upstream dialect: W3C
Sep 27, 2022 3:28:05 PM org.openqa.selenium.devtools.CdpVersionFinder findNearestMatch
WARNING: Unable to find an exact match for CDP version 105, so returning the closest version found: 104
Sep 27, 2022 3:28:05 PM org.openqa.selenium.devtools.CdpVersionFinder findNearestMatch
INFO: Found CDP implementation for version 105 of 104
]]></system-err>
  </testcase>
  <testcase name="m_login" classname="com.selenium.tests.TC_002_SearchUsers" time="49.06">
    <system-out><![CDATA[[INFO ] 2022-09-27 15:28:47.172 [main] BaseClass - closing browser
[INFO ] 2022-09-27 15:28:51.596 [main] BaseClass - launching browser
[INFO ] 2022-09-27 15:28:51.605 [main] ReadConfig - Reading the property file
[INFO ] 2022-09-27 15:28:56.238 [main] BasePage - **Launching application
[INFO ] 2022-09-27 15:28:56.238 [main] LoginPage - **entering the username
[INFO ] 2022-09-27 15:28:57.254 [main] LoginPage - **entering the password
]]></system-out>
    <system-err><![CDATA[Starting Microsoft Edge WebDriver 105.0.1343.53 (3a47f00402d579c8ba1fad7e143f9d73831b6765) on port 51874
To submit feedback, report a bug, or suggest new features, please visit https://github.com/MicrosoftEdge/EdgeWebDriver

Only local connections are allowed.
Please see https://aka.ms/WebDriverSecurity for suggestions on keeping Microsoft Edge WebDriver safe.

Microsoft Edge WebDriver was started successfully.
Sep 27, 2022 3:28:51 PM org.openqa.selenium.remote.ProtocolHandshake createSession
INFO: Detected upstream dialect: W3C
Sep 27, 2022 3:28:51 PM org.openqa.selenium.devtools.CdpVersionFinder findNearestMatch
WARNING: Unable to find an exact match for CDP version 105, so returning the closest version found: 104
Sep 27, 2022 3:28:51 PM org.openqa.selenium.devtools.CdpVersionFinder findNearestMatch
INFO: Found CDP implementation for version 105 of 104
]]></system-err>
  </testcase>
  <testcase name="m_checkUsersLists" classname="com.selenium.tests.TC_002_SearchUsers" time="3.144"/>
  <testcase name="m_checkUsersLists" classname="com.selenium.tests.TC_002_SearchUsers" time="10.366"/>
  <testcase name="m_logout" classname="com.selenium.tests.TC_002_SearchUsers" time="1.445">
    <failure message="expected [false] but found [true]" type="java.lang.AssertionError"><![CDATA[java.lang.AssertionError: expected [false] but found [true]
	at org.testng.Assert.fail(Assert.java:110)
	at org.testng.Assert.failNotEquals(Assert.java:1413)
	at org.testng.Assert.assertEqualsImpl(Assert.java:149)
	at org.testng.Assert.assertEquals(Assert.java:131)
	at org.testng.Assert.assertEquals(Assert.java:976)
	at org.testng.Assert.assertEquals(Assert.java:1010)
	at com.selenium.tests.TC_002_SearchUsers.m_logout(TC_002_SearchUsers.java:37)
	at java.base/jdk.internal.reflect.NativeMethodAccessorImpl.invoke0(Native Method)
	at java.base/jdk.internal.reflect.NativeMethodAccessorImpl.invoke(NativeMethodAccessorImpl.java:62)
	at java.base/jdk.internal.reflect.DelegatingMethodAccessorImpl.invoke(DelegatingMethodAccessorImpl.java:43)
	at java.base/java.lang.reflect.Method.invoke(Method.java:566)
	at org.testng.internal.invokers.MethodInvocationHelper.invokeMethod(MethodInvocationHelper.java:139)
	at org.testng.internal.invokers.TestInvoker.invokeMethod(TestInvoker.java:677)
	at org.testng.internal.invokers.TestInvoker.invokeTestMethod(TestInvoker.java:221)
	at org.testng.internal.invokers.MethodRunner.runInSequence(MethodRunner.java:50)
	at org.testng.internal.invokers.TestInvoker$MethodInvocationAgent.invoke(TestInvoker.java:962)
	at org.testng.internal.invokers.TestInvoker.invokeTestMethods(TestInvoker.java:194)
	at org.testng.internal.invokers.TestMethodWorker.invokeTestMethods(TestMethodWorker.java:148)
	at org.testng.internal.invokers.TestMethodWorker.run(TestMethodWorker.java:128)
	at java.base/java.util.ArrayList.forEach(ArrayList.java:1540)
	at org.testng.TestRunner.privateRun(TestRunner.java:806)
	at org.testng.TestRunner.run(TestRunner.java:601)
	at org.testng.SuiteRunner.runTest(SuiteRunner.java:433)
	at org.testng.SuiteRunner.runSequentially(SuiteRunner.java:427)
	at org.testng.SuiteRunner.privateRun(SuiteRunner.java:387)
	at org.testng.SuiteRunner.run(SuiteRunner.java:330)
	at org.testng.SuiteRunnerWorker.runSuite(SuiteRunnerWorker.java:52)
	at org.testng.SuiteRunnerWorker.run(SuiteRunnerWorker.java:95)
	at org.testng.TestNG.runSuitesSequentially(TestNG.java:1256)
	at org.testng.TestNG.runSuitesLocally(TestNG.java:1176)
	at org.testng.TestNG.runSuites(TestNG.java:1099)
	at org.testng.TestNG.run(TestNG.java:1067)
	at org.apache.maven.surefire.testng.TestNGExecutor.run(TestNGExecutor.java:324)
	at org.apache.maven.surefire.testng.TestNGXmlTestSuite.execute(TestNGXmlTestSuite.java:74)
	at org.apache.maven.surefire.testng.TestNGProvider.invoke(TestNGProvider.java:123)
	at org.apache.maven.surefire.booter.ForkedBooter.runSuitesInProcess(ForkedBooter.java:456)
	at org.apache.maven.surefire.booter.ForkedBooter.execute(ForkedBooter.java:169)
	at org.apache.maven.surefire.booter.ForkedBooter.run(ForkedBooter.java:595)
	at org.apache.maven.surefire.booter.ForkedBooter.main(ForkedBooter.java:581)
]]></failure>
  </testcase>
  <testcase name="m_logout" classname="com.selenium.tests.TC_002_SearchUsers" time="1.599">
    <failure message="expected [false] but found [true]" type="java.lang.AssertionError"><![CDATA[java.lang.AssertionError: expected [false] but found [true]
	at org.testng.Assert.fail(Assert.java:110)
	at org.testng.Assert.failNotEquals(Assert.java:1413)
	at org.testng.Assert.assertEqualsImpl(Assert.java:149)
	at org.testng.Assert.assertEquals(Assert.java:131)
	at org.testng.Assert.assertEquals(Assert.java:976)
	at org.testng.Assert.assertEquals(Assert.java:1010)
	at com.selenium.tests.TC_002_SearchUsers.m_logout(TC_002_SearchUsers.java:37)
	at java.base/jdk.internal.reflect.NativeMethodAccessorImpl.invoke0(Native Method)
	at java.base/jdk.internal.reflect.NativeMethodAccessorImpl.invoke(NativeMethodAccessorImpl.java:62)
	at java.base/jdk.internal.reflect.DelegatingMethodAccessorImpl.invoke(DelegatingMethodAccessorImpl.java:43)
	at java.base/java.lang.reflect.Method.invoke(Method.java:566)
	at org.testng.internal.invokers.MethodInvocationHelper.invokeMethod(MethodInvocationHelper.java:139)
	at org.testng.internal.invokers.TestInvoker.invokeMethod(TestInvoker.java:677)
	at org.testng.internal.invokers.TestInvoker.invokeTestMethod(TestInvoker.java:221)
	at org.testng.internal.invokers.MethodRunner.runInSequence(MethodRunner.java:50)
	at org.testng.internal.invokers.TestInvoker$MethodInvocationAgent.invoke(TestInvoker.java:962)
	at org.testng.internal.invokers.TestInvoker.invokeTestMethods(TestInvoker.java:194)
	at org.testng.internal.invokers.TestMethodWorker.invokeTestMethods(TestMethodWorker.java:148)
	at org.testng.internal.invokers.TestMethodWorker.run(TestMethodWorker.java:128)
	at java.base/java.util.ArrayList.forEach(ArrayList.java:1540)
	at org.testng.TestRunner.privateRun(TestRunner.java:806)
	at org.testng.TestRunner.run(TestRunner.java:601)
	at org.testng.SuiteRunner.runTest(SuiteRunner.java:433)
	at org.testng.SuiteRunner.runSequentially(SuiteRunner.java:427)
	at org.testng.SuiteRunner.privateRun(SuiteRunner.java:387)
	at org.testng.SuiteRunner.run(SuiteRunner.java:330)
	at org.testng.SuiteRunnerWorker.runSuite(SuiteRunnerWorker.java:52)
	at org.testng.SuiteRunnerWorker.run(SuiteRunnerWorker.java:95)
	at org.testng.TestNG.runSuitesSequentially(TestNG.java:1256)
	at org.testng.TestNG.runSuitesLocally(TestNG.java:1176)
	at org.testng.TestNG.runSuites(TestNG.java:1099)
	at org.testng.TestNG.run(TestNG.java:1067)
	at org.apache.maven.surefire.testng.TestNGExecutor.run(TestNGExecutor.java:324)
	at org.apache.maven.surefire.testng.TestNGXmlTestSuite.execute(TestNGXmlTestSuite.java:74)
	at org.apache.maven.surefire.testng.TestNGProvider.invoke(TestNGProvider.java:123)
	at org.apache.maven.surefire.booter.ForkedBooter.runSuitesInProcess(ForkedBooter.java:456)
	at org.apache.maven.surefire.booter.ForkedBooter.execute(ForkedBooter.java:169)
	at org.apache.maven.surefire.booter.ForkedBooter.run(ForkedBooter.java:595)
	at org.apache.maven.surefire.booter.ForkedBooter.main(ForkedBooter.java:581)
]]></failure>
  </testcase>
</testsuite>