<?xml version="1.0" encoding="UTF-8"?>
<!-- Generated by org.testng.reporters.JUnitXMLReporter -->
<testsuite ignored="0" hostname="WIN10I-1IJ8NK9M" failures="0" tests="3" name="Chrome Login" time="18.188" errors="0" timestamp="2022-09-14T15:42:54 IST">
  <testcase classname="com.selenium.tests.TC_001_SearchEmployees" name="login" time="4.419"/>
  <testcase classname="com.selenium.tests.TC_001_SearchEmployees" name="checkEmployeeLists" time="3.19"/>
  <testcase classname="com.selenium.tests.TC_001_SearchEmployees" name="logout" time="1.481"/>
</testsuite> <!-- Chrome Login -->
