<?xml version="1.0" encoding="UTF-8"?>
<!-- Generated by org.testng.reporters.JUnitXMLReporter -->
<testsuite ignored="0" hostname="WIN10I-1IJ8NK9M" failures="0" tests="3" name="Chrome Brwoser" time="26.287" errors="0" timestamp="2022-09-27T15:35:19 IST">
  <testcase classname="com.selenium.tests.TC_001_SearchEmployees" name="m_login" time="9.31"/>
  <testcase classname="com.selenium.tests.TC_001_SearchEmployees" name="m_checkEmployeeLists" time="6.894"/>
  <testcase classname="com.selenium.tests.TC_001_SearchEmployees" name="m_logout" time="1.199"/>
</testsuite> <!-- Chrome Brwoser -->
