<?xml version="1.0" encoding="UTF-8"?>
<!-- Generated by org.testng.reporters.JUnitXMLReporter -->
<testsuite ignored="0" hostname="WIN10I-1IJ8NK9M" failures="1" tests="3" name="Edge Brwoser" time="17.706" errors="0" timestamp="2022-09-27T15:35:37 IST">
  <testcase classname="com.selenium.tests.TC_002_SearchUsers" name="m_login" time="8.365"/>
  <testcase classname="com.selenium.tests.TC_002_SearchUsers" name="m_checkUsersLists" time="2.364"/>
  <testcase classname="com.selenium.tests.TC_002_SearchUsers" name="m_logout" time="1.288">
    <failure type="java.lang.AssertionError" message="expected [false] but found [true]">
      <![CDATA[java.lang.AssertionError: expected [false] but found [true]
at com.selenium.tests.TC_002_SearchUsers.m_logout(TC_002_SearchUsers.java:37)
at java.base/java.util.ArrayList.forEach(ArrayList.java:1540)
... Removed 33 stack frames]]>
    </failure>
  </testcase> <!-- m_logout -->
</testsuite> <!-- Edge Brwoser -->
